CRITICAL - 2022-04-16 06:20:24 --> Cannot use object of type stdClass as array
#0 C:\xampp\htdocs\GMbooks\system\View\View.php(214): include()
#1 C:\xampp\htdocs\GMbooks\system\View\View.php(217): CodeIgniter\View\View->CodeIgniter\View\{closure}()
#2 C:\xampp\htdocs\GMbooks\system\Common.php(1097): CodeIgniter\View\View->render('book', Array, true)
#3 C:\xampp\htdocs\GMbooks\app\Controllers\Home.php(78): view('book', Array)
#4 C:\xampp\htdocs\GMbooks\system\CodeIgniter.php(824): App\Controllers\Home->book()
#5 C:\xampp\htdocs\GMbooks\system\CodeIgniter.php(410): CodeIgniter\CodeIgniter->runController(Object(App\Controllers\Home))
#6 C:\xampp\htdocs\GMbooks\system\CodeIgniter.php(318): CodeIgniter\CodeIgniter->handleRequest(NULL, Object(Config\Cache), false)
#7 C:\xampp\htdocs\GMbooks\public\index.php(37): CodeIgniter\CodeIgniter->run()
#8 C:\xampp\htdocs\GMbooks\system\Commands\Server\rewrite.php(43): require_once('C:\\xampp\\htdocs...')
#9 {main}
CRITICAL - 2022-04-16 06:20:56 --> Cannot use object of type stdClass as array
#0 C:\xampp\htdocs\GMbooks\system\View\View.php(214): include()
#1 C:\xampp\htdocs\GMbooks\system\View\View.php(217): CodeIgniter\View\View->CodeIgniter\View\{closure}()
#2 C:\xampp\htdocs\GMbooks\system\Common.php(1097): CodeIgniter\View\View->render('book', Array, true)
#3 C:\xampp\htdocs\GMbooks\app\Controllers\Home.php(78): view('book', Array)
#4 C:\xampp\htdocs\GMbooks\system\CodeIgniter.php(824): App\Controllers\Home->book()
#5 C:\xampp\htdocs\GMbooks\system\CodeIgniter.php(410): CodeIgniter\CodeIgniter->runController(Object(App\Controllers\Home))
#6 C:\xampp\htdocs\GMbooks\system\CodeIgniter.php(318): CodeIgniter\CodeIgniter->handleRequest(NULL, Object(Config\Cache), false)
#7 C:\xampp\htdocs\GMbooks\public\index.php(37): CodeIgniter\CodeIgniter->run()
#8 C:\xampp\htdocs\GMbooks\system\Commands\Server\rewrite.php(43): require_once('C:\\xampp\\htdocs...')
#9 {main}
CRITICAL - 2022-04-16 06:20:57 --> Cannot use object of type stdClass as array
#0 C:\xampp\htdocs\GMbooks\system\View\View.php(214): include()
#1 C:\xampp\htdocs\GMbooks\system\View\View.php(217): CodeIgniter\View\View->CodeIgniter\View\{closure}()
#2 C:\xampp\htdocs\GMbooks\system\Common.php(1097): CodeIgniter\View\View->render('book', Array, true)
#3 C:\xampp\htdocs\GMbooks\app\Controllers\Home.php(78): view('book', Array)
#4 C:\xampp\htdocs\GMbooks\system\CodeIgniter.php(824): App\Controllers\Home->book()
#5 C:\xampp\htdocs\GMbooks\system\CodeIgniter.php(410): CodeIgniter\CodeIgniter->runController(Object(App\Controllers\Home))
#6 C:\xampp\htdocs\GMbooks\system\CodeIgniter.php(318): CodeIgniter\CodeIgniter->handleRequest(NULL, Object(Config\Cache), false)
#7 C:\xampp\htdocs\GMbooks\public\index.php(37): CodeIgniter\CodeIgniter->run()
#8 C:\xampp\htdocs\GMbooks\system\Commands\Server\rewrite.php(43): require_once('C:\\xampp\\htdocs...')
#9 {main}
CRITICAL - 2022-04-16 06:22:05 --> Cannot use object of type stdClass as array
#0 C:\xampp\htdocs\GMbooks\system\View\View.php(214): include()
#1 C:\xampp\htdocs\GMbooks\system\View\View.php(217): CodeIgniter\View\View->CodeIgniter\View\{closure}()
#2 C:\xampp\htdocs\GMbooks\system\Common.php(1097): CodeIgniter\View\View->render('book', Array, true)
#3 C:\xampp\htdocs\GMbooks\app\Controllers\Home.php(78): view('book', Array)
#4 C:\xampp\htdocs\GMbooks\system\CodeIgniter.php(824): App\Controllers\Home->book()
#5 C:\xampp\htdocs\GMbooks\system\CodeIgniter.php(410): CodeIgniter\CodeIgniter->runController(Object(App\Controllers\Home))
#6 C:\xampp\htdocs\GMbooks\system\CodeIgniter.php(318): CodeIgniter\CodeIgniter->handleRequest(NULL, Object(Config\Cache), false)
#7 C:\xampp\htdocs\GMbooks\public\index.php(37): CodeIgniter\CodeIgniter->run()
#8 C:\xampp\htdocs\GMbooks\system\Commands\Server\rewrite.php(43): require_once('C:\\xampp\\htdocs...')
#9 {main}
CRITICAL - 2022-04-16 06:24:04 --> Cannot use object of type stdClass as array
#0 C:\xampp\htdocs\GMbooks\system\View\View.php(214): include()
#1 C:\xampp\htdocs\GMbooks\system\View\View.php(217): CodeIgniter\View\View->CodeIgniter\View\{closure}()
#2 C:\xampp\htdocs\GMbooks\system\Common.php(1097): CodeIgniter\View\View->render('book', Array, true)
#3 C:\xampp\htdocs\GMbooks\app\Controllers\Home.php(78): view('book', Array)
#4 C:\xampp\htdocs\GMbooks\system\CodeIgniter.php(824): App\Controllers\Home->book()
#5 C:\xampp\htdocs\GMbooks\system\CodeIgniter.php(410): CodeIgniter\CodeIgniter->runController(Object(App\Controllers\Home))
#6 C:\xampp\htdocs\GMbooks\system\CodeIgniter.php(318): CodeIgniter\CodeIgniter->handleRequest(NULL, Object(Config\Cache), false)
#7 C:\xampp\htdocs\GMbooks\public\index.php(37): CodeIgniter\CodeIgniter->run()
#8 C:\xampp\htdocs\GMbooks\system\Commands\Server\rewrite.php(43): require_once('C:\\xampp\\htdocs...')
#9 {main}
ERROR - 2022-04-16 08:59:47 --> Unknown column 'id_users' in 'where clause'
CRITICAL - 2022-04-16 08:59:47 --> Call to a member function getResult() on bool
#0 C:\xampp\htdocs\GMbooks\app\Controllers\Home.php(94): App\Models\DbOk->data_user_books('1')
#1 C:\xampp\htdocs\GMbooks\system\CodeIgniter.php(824): App\Controllers\Home->user()
#2 C:\xampp\htdocs\GMbooks\system\CodeIgniter.php(410): CodeIgniter\CodeIgniter->runController(Object(App\Controllers\Home))
#3 C:\xampp\htdocs\GMbooks\system\CodeIgniter.php(318): CodeIgniter\CodeIgniter->handleRequest(NULL, Object(Config\Cache), false)
#4 C:\xampp\htdocs\GMbooks\public\index.php(37): CodeIgniter\CodeIgniter->run()
#5 C:\xampp\htdocs\GMbooks\system\Commands\Server\rewrite.php(43): require_once('C:\\xampp\\htdocs...')
#6 {main}
ERROR - 2022-04-16 08:59:47 --> Unknown column 'id_users' in 'where clause'
CRITICAL - 2022-04-16 08:59:47 --> Call to a member function getResult() on bool
#0 C:\xampp\htdocs\GMbooks\app\Controllers\Home.php(94): App\Models\DbOk->data_user_books('1')
#1 C:\xampp\htdocs\GMbooks\system\CodeIgniter.php(824): App\Controllers\Home->user()
#2 C:\xampp\htdocs\GMbooks\system\CodeIgniter.php(410): CodeIgniter\CodeIgniter->runController(Object(App\Controllers\Home))
#3 C:\xampp\htdocs\GMbooks\system\CodeIgniter.php(318): CodeIgniter\CodeIgniter->handleRequest(NULL, Object(Config\Cache), false)
#4 C:\xampp\htdocs\GMbooks\public\index.php(37): CodeIgniter\CodeIgniter->run()
#5 C:\xampp\htdocs\GMbooks\system\Commands\Server\rewrite.php(43): require_once('C:\\xampp\\htdocs...')
#6 {main}
CRITICAL - 2022-04-16 13:47:44 --> You must set the database table to be used with your query.
#0 C:\xampp\htdocs\GMbooks\system\Model.php(545): CodeIgniter\Database\BaseConnection->table(NULL)
#1 C:\xampp\htdocs\GMbooks\system\Model.php(717): CodeIgniter\Model->builder()
#2 C:\xampp\htdocs\GMbooks\app\Controllers\Home.php(139): CodeIgniter\Model->__call('but_user_all', Array)
#3 C:\xampp\htdocs\GMbooks\system\CodeIgniter.php(824): App\Controllers\Home->all_users()
#4 C:\xampp\htdocs\GMbooks\system\CodeIgniter.php(410): CodeIgniter\CodeIgniter->runController(Object(App\Controllers\Home))
#5 C:\xampp\htdocs\GMbooks\system\CodeIgniter.php(318): CodeIgniter\CodeIgniter->handleRequest(NULL, Object(Config\Cache), false)
#6 C:\xampp\htdocs\GMbooks\public\index.php(37): CodeIgniter\CodeIgniter->run()
#7 C:\xampp\htdocs\GMbooks\system\Commands\Server\rewrite.php(43): require_once('C:\\xampp\\htdocs...')
#8 {main}
CRITICAL - 2022-04-16 13:48:41 --> You must set the database table to be used with your query.
#0 C:\xampp\htdocs\GMbooks\system\Model.php(545): CodeIgniter\Database\BaseConnection->table(NULL)
#1 C:\xampp\htdocs\GMbooks\system\Model.php(717): CodeIgniter\Model->builder()
#2 C:\xampp\htdocs\GMbooks\app\Controllers\Home.php(139): CodeIgniter\Model->__call('but_user_all', Array)
#3 C:\xampp\htdocs\GMbooks\system\CodeIgniter.php(824): App\Controllers\Home->all_users()
#4 C:\xampp\htdocs\GMbooks\system\CodeIgniter.php(410): CodeIgniter\CodeIgniter->runController(Object(App\Controllers\Home))
#5 C:\xampp\htdocs\GMbooks\system\CodeIgniter.php(318): CodeIgniter\CodeIgniter->handleRequest(NULL, Object(Config\Cache), false)
#6 C:\xampp\htdocs\GMbooks\public\index.php(37): CodeIgniter\CodeIgniter->run()
#7 C:\xampp\htdocs\GMbooks\system\Commands\Server\rewrite.php(43): require_once('C:\\xampp\\htdocs...')
#8 {main}
CRITICAL - 2022-04-16 13:49:20 --> You must set the database table to be used with your query.
#0 C:\xampp\htdocs\GMbooks\system\Model.php(545): CodeIgniter\Database\BaseConnection->table(NULL)
#1 C:\xampp\htdocs\GMbooks\system\Model.php(717): CodeIgniter\Model->builder()
#2 C:\xampp\htdocs\GMbooks\app\Controllers\Home.php(139): CodeIgniter\Model->__call('but_user_all', Array)
#3 C:\xampp\htdocs\GMbooks\system\CodeIgniter.php(824): App\Controllers\Home->all_users()
#4 C:\xampp\htdocs\GMbooks\system\CodeIgniter.php(410): CodeIgniter\CodeIgniter->runController(Object(App\Controllers\Home))
#5 C:\xampp\htdocs\GMbooks\system\CodeIgniter.php(318): CodeIgniter\CodeIgniter->handleRequest(NULL, Object(Config\Cache), false)
#6 C:\xampp\htdocs\GMbooks\public\index.php(37): CodeIgniter\CodeIgniter->run()
#7 C:\xampp\htdocs\GMbooks\system\Commands\Server\rewrite.php(43): require_once('C:\\xampp\\htdocs...')
#8 {main}
CRITICAL - 2022-04-16 13:49:21 --> You must set the database table to be used with your query.
#0 C:\xampp\htdocs\GMbooks\system\Model.php(545): CodeIgniter\Database\BaseConnection->table(NULL)
#1 C:\xampp\htdocs\GMbooks\system\Model.php(717): CodeIgniter\Model->builder()
#2 C:\xampp\htdocs\GMbooks\app\Controllers\Home.php(139): CodeIgniter\Model->__call('but_user_all', Array)
#3 C:\xampp\htdocs\GMbooks\system\CodeIgniter.php(824): App\Controllers\Home->all_users()
#4 C:\xampp\htdocs\GMbooks\system\CodeIgniter.php(410): CodeIgniter\CodeIgniter->runController(Object(App\Controllers\Home))
#5 C:\xampp\htdocs\GMbooks\system\CodeIgniter.php(318): CodeIgniter\CodeIgniter->handleRequest(NULL, Object(Config\Cache), false)
#6 C:\xampp\htdocs\GMbooks\public\index.php(37): CodeIgniter\CodeIgniter->run()
#7 C:\xampp\htdocs\GMbooks\system\Commands\Server\rewrite.php(43): require_once('C:\\xampp\\htdocs...')
#8 {main}
CRITICAL - 2022-04-16 13:51:00 --> You must set the database table to be used with your query.
#0 C:\xampp\htdocs\GMbooks\system\Model.php(545): CodeIgniter\Database\BaseConnection->table(NULL)
#1 C:\xampp\htdocs\GMbooks\system\Model.php(717): CodeIgniter\Model->builder()
#2 C:\xampp\htdocs\GMbooks\app\Controllers\Home.php(139): CodeIgniter\Model->__call('but_user_all', Array)
#3 C:\xampp\htdocs\GMbooks\system\CodeIgniter.php(824): App\Controllers\Home->all_users()
#4 C:\xampp\htdocs\GMbooks\system\CodeIgniter.php(410): CodeIgniter\CodeIgniter->runController(Object(App\Controllers\Home))
#5 C:\xampp\htdocs\GMbooks\system\CodeIgniter.php(318): CodeIgniter\CodeIgniter->handleRequest(NULL, Object(Config\Cache), false)
#6 C:\xampp\htdocs\GMbooks\public\index.php(37): CodeIgniter\CodeIgniter->run()
#7 C:\xampp\htdocs\GMbooks\system\Commands\Server\rewrite.php(43): require_once('C:\\xampp\\htdocs...')
#8 {main}
CRITICAL - 2022-04-16 13:51:39 --> You must set the database table to be used with your query.
#0 C:\xampp\htdocs\GMbooks\system\Model.php(545): CodeIgniter\Database\BaseConnection->table(NULL)
#1 C:\xampp\htdocs\GMbooks\system\Model.php(717): CodeIgniter\Model->builder()
#2 C:\xampp\htdocs\GMbooks\app\Controllers\Home.php(139): CodeIgniter\Model->__call('but_user_all', Array)
#3 C:\xampp\htdocs\GMbooks\system\CodeIgniter.php(824): App\Controllers\Home->all_users()
#4 C:\xampp\htdocs\GMbooks\system\CodeIgniter.php(410): CodeIgniter\CodeIgniter->runController(Object(App\Controllers\Home))
#5 C:\xampp\htdocs\GMbooks\system\CodeIgniter.php(318): CodeIgniter\CodeIgniter->handleRequest(NULL, Object(Config\Cache), false)
#6 C:\xampp\htdocs\GMbooks\public\index.php(37): CodeIgniter\CodeIgniter->run()
#7 C:\xampp\htdocs\GMbooks\system\Commands\Server\rewrite.php(43): require_once('C:\\xampp\\htdocs...')
#8 {main}
CRITICAL - 2022-04-16 15:29:48 --> You must set the database table to be used with your query.
#0 C:\xampp\htdocs\GMbooks\system\Model.php(545): CodeIgniter\Database\BaseConnection->table(NULL)
#1 C:\xampp\htdocs\GMbooks\system\Model.php(717): CodeIgniter\Model->builder()
#2 C:\xampp\htdocs\GMbooks\app\Controllers\Home.php(139): CodeIgniter\Model->__call('but_user_all', Array)
#3 C:\xampp\htdocs\GMbooks\system\CodeIgniter.php(824): App\Controllers\Home->all_users()
#4 C:\xampp\htdocs\GMbooks\system\CodeIgniter.php(410): CodeIgniter\CodeIgniter->runController(Object(App\Controllers\Home))
#5 C:\xampp\htdocs\GMbooks\system\CodeIgniter.php(318): CodeIgniter\CodeIgniter->handleRequest(NULL, Object(Config\Cache), false)
#6 C:\xampp\htdocs\GMbooks\public\index.php(37): CodeIgniter\CodeIgniter->run()
#7 C:\xampp\htdocs\GMbooks\system\Commands\Server\rewrite.php(43): require_once('C:\\xampp\\htdocs...')
#8 {main}
CRITICAL - 2022-04-16 15:30:32 --> You must set the database table to be used with your query.
#0 C:\xampp\htdocs\GMbooks\system\Model.php(545): CodeIgniter\Database\BaseConnection->table(NULL)
#1 C:\xampp\htdocs\GMbooks\system\Model.php(717): CodeIgniter\Model->builder()
#2 C:\xampp\htdocs\GMbooks\app\Controllers\Home.php(139): CodeIgniter\Model->__call('but_user_all', Array)
#3 C:\xampp\htdocs\GMbooks\system\CodeIgniter.php(824): App\Controllers\Home->all_users()
#4 C:\xampp\htdocs\GMbooks\system\CodeIgniter.php(410): CodeIgniter\CodeIgniter->runController(Object(App\Controllers\Home))
#5 C:\xampp\htdocs\GMbooks\system\CodeIgniter.php(318): CodeIgniter\CodeIgniter->handleRequest(NULL, Object(Config\Cache), false)
#6 C:\xampp\htdocs\GMbooks\public\index.php(37): CodeIgniter\CodeIgniter->run()
#7 C:\xampp\htdocs\GMbooks\system\Commands\Server\rewrite.php(43): require_once('C:\\xampp\\htdocs...')
#8 {main}
CRITICAL - 2022-04-16 15:30:33 --> You must set the database table to be used with your query.
#0 C:\xampp\htdocs\GMbooks\system\Model.php(545): CodeIgniter\Database\BaseConnection->table(NULL)
#1 C:\xampp\htdocs\GMbooks\system\Model.php(717): CodeIgniter\Model->builder()
#2 C:\xampp\htdocs\GMbooks\app\Controllers\Home.php(139): CodeIgniter\Model->__call('but_user_all', Array)
#3 C:\xampp\htdocs\GMbooks\system\CodeIgniter.php(824): App\Controllers\Home->all_users()
#4 C:\xampp\htdocs\GMbooks\system\CodeIgniter.php(410): CodeIgniter\CodeIgniter->runController(Object(App\Controllers\Home))
#5 C:\xampp\htdocs\GMbooks\system\CodeIgniter.php(318): CodeIgniter\CodeIgniter->handleRequest(NULL, Object(Config\Cache), false)
#6 C:\xampp\htdocs\GMbooks\public\index.php(37): CodeIgniter\CodeIgniter->run()
#7 C:\xampp\htdocs\GMbooks\system\Commands\Server\rewrite.php(43): require_once('C:\\xampp\\htdocs...')
#8 {main}
CRITICAL - 2022-04-16 15:30:55 --> You must set the database table to be used with your query.
#0 C:\xampp\htdocs\GMbooks\system\Model.php(545): CodeIgniter\Database\BaseConnection->table(NULL)
#1 C:\xampp\htdocs\GMbooks\system\Model.php(717): CodeIgniter\Model->builder()
#2 C:\xampp\htdocs\GMbooks\app\Controllers\Home.php(139): CodeIgniter\Model->__call('but_user_all', Array)
#3 C:\xampp\htdocs\GMbooks\system\CodeIgniter.php(824): App\Controllers\Home->all_users()
#4 C:\xampp\htdocs\GMbooks\system\CodeIgniter.php(410): CodeIgniter\CodeIgniter->runController(Object(App\Controllers\Home))
#5 C:\xampp\htdocs\GMbooks\system\CodeIgniter.php(318): CodeIgniter\CodeIgniter->handleRequest(NULL, Object(Config\Cache), false)
#6 C:\xampp\htdocs\GMbooks\public\index.php(37): CodeIgniter\CodeIgniter->run()
#7 C:\xampp\htdocs\GMbooks\system\Commands\Server\rewrite.php(43): require_once('C:\\xampp\\htdocs...')
#8 {main}
CRITICAL - 2022-04-16 15:30:56 --> You must set the database table to be used with your query.
#0 C:\xampp\htdocs\GMbooks\system\Model.php(545): CodeIgniter\Database\BaseConnection->table(NULL)
#1 C:\xampp\htdocs\GMbooks\system\Model.php(717): CodeIgniter\Model->builder()
#2 C:\xampp\htdocs\GMbooks\app\Controllers\Home.php(139): CodeIgniter\Model->__call('but_user_all', Array)
#3 C:\xampp\htdocs\GMbooks\system\CodeIgniter.php(824): App\Controllers\Home->all_users()
#4 C:\xampp\htdocs\GMbooks\system\CodeIgniter.php(410): CodeIgniter\CodeIgniter->runController(Object(App\Controllers\Home))
#5 C:\xampp\htdocs\GMbooks\system\CodeIgniter.php(318): CodeIgniter\CodeIgniter->handleRequest(NULL, Object(Config\Cache), false)
#6 C:\xampp\htdocs\GMbooks\public\index.php(37): CodeIgniter\CodeIgniter->run()
#7 C:\xampp\htdocs\GMbooks\system\Commands\Server\rewrite.php(43): require_once('C:\\xampp\\htdocs...')
#8 {main}
CRITICAL - 2022-04-16 15:32:33 --> You must set the database table to be used with your query.
#0 C:\xampp\htdocs\GMbooks\system\Model.php(545): CodeIgniter\Database\BaseConnection->table(NULL)
#1 C:\xampp\htdocs\GMbooks\system\Model.php(717): CodeIgniter\Model->builder()
#2 C:\xampp\htdocs\GMbooks\app\Controllers\Home.php(139): CodeIgniter\Model->__call('but_user_all', Array)
#3 C:\xampp\htdocs\GMbooks\system\CodeIgniter.php(824): App\Controllers\Home->all_users()
#4 C:\xampp\htdocs\GMbooks\system\CodeIgniter.php(410): CodeIgniter\CodeIgniter->runController(Object(App\Controllers\Home))
#5 C:\xampp\htdocs\GMbooks\system\CodeIgniter.php(318): CodeIgniter\CodeIgniter->handleRequest(NULL, Object(Config\Cache), false)
#6 C:\xampp\htdocs\GMbooks\public\index.php(37): CodeIgniter\CodeIgniter->run()
#7 C:\xampp\htdocs\GMbooks\system\Commands\Server\rewrite.php(43): require_once('C:\\xampp\\htdocs...')
#8 {main}
CRITICAL - 2022-04-16 15:33:10 --> You must set the database table to be used with your query.
#0 C:\xampp\htdocs\GMbooks\system\Model.php(545): CodeIgniter\Database\BaseConnection->table(NULL)
#1 C:\xampp\htdocs\GMbooks\system\Model.php(717): CodeIgniter\Model->builder()
#2 C:\xampp\htdocs\GMbooks\app\Controllers\Home.php(139): CodeIgniter\Model->__call('but_user_all', Array)
#3 C:\xampp\htdocs\GMbooks\system\CodeIgniter.php(824): App\Controllers\Home->all_users()
#4 C:\xampp\htdocs\GMbooks\system\CodeIgniter.php(410): CodeIgniter\CodeIgniter->runController(Object(App\Controllers\Home))
#5 C:\xampp\htdocs\GMbooks\system\CodeIgniter.php(318): CodeIgniter\CodeIgniter->handleRequest(NULL, Object(Config\Cache), false)
#6 C:\xampp\htdocs\GMbooks\public\index.php(37): CodeIgniter\CodeIgniter->run()
#7 C:\xampp\htdocs\GMbooks\system\Commands\Server\rewrite.php(43): require_once('C:\\xampp\\htdocs...')
#8 {main}
CRITICAL - 2022-04-16 15:33:11 --> You must set the database table to be used with your query.
#0 C:\xampp\htdocs\GMbooks\system\Model.php(545): CodeIgniter\Database\BaseConnection->table(NULL)
#1 C:\xampp\htdocs\GMbooks\system\Model.php(717): CodeIgniter\Model->builder()
#2 C:\xampp\htdocs\GMbooks\app\Controllers\Home.php(139): CodeIgniter\Model->__call('but_user_all', Array)
#3 C:\xampp\htdocs\GMbooks\system\CodeIgniter.php(824): App\Controllers\Home->all_users()
#4 C:\xampp\htdocs\GMbooks\system\CodeIgniter.php(410): CodeIgniter\CodeIgniter->runController(Object(App\Controllers\Home))
#5 C:\xampp\htdocs\GMbooks\system\CodeIgniter.php(318): CodeIgniter\CodeIgniter->handleRequest(NULL, Object(Config\Cache), false)
#6 C:\xampp\htdocs\GMbooks\public\index.php(37): CodeIgniter\CodeIgniter->run()
#7 C:\xampp\htdocs\GMbooks\system\Commands\Server\rewrite.php(43): require_once('C:\\xampp\\htdocs...')
#8 {main}
CRITICAL - 2022-04-16 15:33:26 --> You must set the database table to be used with your query.
#0 C:\xampp\htdocs\GMbooks\system\Model.php(545): CodeIgniter\Database\BaseConnection->table(NULL)
#1 C:\xampp\htdocs\GMbooks\system\Model.php(717): CodeIgniter\Model->builder()
#2 C:\xampp\htdocs\GMbooks\app\Controllers\Home.php(137): CodeIgniter\Model->__call('but_user_all', Array)
#3 C:\xampp\htdocs\GMbooks\system\CodeIgniter.php(824): App\Controllers\Home->all_users()
#4 C:\xampp\htdocs\GMbooks\system\CodeIgniter.php(410): CodeIgniter\CodeIgniter->runController(Object(App\Controllers\Home))
#5 C:\xampp\htdocs\GMbooks\system\CodeIgniter.php(318): CodeIgniter\CodeIgniter->handleRequest(NULL, Object(Config\Cache), false)
#6 C:\xampp\htdocs\GMbooks\public\index.php(37): CodeIgniter\CodeIgniter->run()
#7 C:\xampp\htdocs\GMbooks\system\Commands\Server\rewrite.php(43): require_once('C:\\xampp\\htdocs...')
#8 {main}
CRITICAL - 2022-04-16 15:33:35 --> You must set the database table to be used with your query.
#0 C:\xampp\htdocs\GMbooks\system\Model.php(545): CodeIgniter\Database\BaseConnection->table(NULL)
#1 C:\xampp\htdocs\GMbooks\system\Model.php(717): CodeIgniter\Model->builder()
#2 C:\xampp\htdocs\GMbooks\app\Controllers\Home.php(139): CodeIgniter\Model->__call('but_user_all', Array)
#3 C:\xampp\htdocs\GMbooks\system\CodeIgniter.php(824): App\Controllers\Home->all_users()
#4 C:\xampp\htdocs\GMbooks\system\CodeIgniter.php(410): CodeIgniter\CodeIgniter->runController(Object(App\Controllers\Home))
#5 C:\xampp\htdocs\GMbooks\system\CodeIgniter.php(318): CodeIgniter\CodeIgniter->handleRequest(NULL, Object(Config\Cache), false)
#6 C:\xampp\htdocs\GMbooks\public\index.php(37): CodeIgniter\CodeIgniter->run()
#7 C:\xampp\htdocs\GMbooks\system\Commands\Server\rewrite.php(43): require_once('C:\\xampp\\htdocs...')
#8 {main}
CRITICAL - 2022-04-16 15:33:36 --> You must set the database table to be used with your query.
#0 C:\xampp\htdocs\GMbooks\system\Model.php(545): CodeIgniter\Database\BaseConnection->table(NULL)
#1 C:\xampp\htdocs\GMbooks\system\Model.php(717): CodeIgniter\Model->builder()
#2 C:\xampp\htdocs\GMbooks\app\Controllers\Home.php(139): CodeIgniter\Model->__call('but_user_all', Array)
#3 C:\xampp\htdocs\GMbooks\system\CodeIgniter.php(824): App\Controllers\Home->all_users()
#4 C:\xampp\htdocs\GMbooks\system\CodeIgniter.php(410): CodeIgniter\CodeIgniter->runController(Object(App\Controllers\Home))
#5 C:\xampp\htdocs\GMbooks\system\CodeIgniter.php(318): CodeIgniter\CodeIgniter->handleRequest(NULL, Object(Config\Cache), false)
#6 C:\xampp\htdocs\GMbooks\public\index.php(37): CodeIgniter\CodeIgniter->run()
#7 C:\xampp\htdocs\GMbooks\system\Commands\Server\rewrite.php(43): require_once('C:\\xampp\\htdocs...')
#8 {main}
CRITICAL - 2022-04-16 15:48:06 --> Argument 2 passed to CodeIgniter\Database\BaseBuilder::limit() must be of the type int or null, string given, called in C:\xampp\htdocs\GMbooks\app\Models\DbOk.php on line 94
#0 C:\xampp\htdocs\GMbooks\app\Models\DbOk.php(94): CodeIgniter\Database\BaseBuilder->limit(4, '')
#1 C:\xampp\htdocs\GMbooks\app\Controllers\Home.php(147): App\Models\DbOk->get_limted_users('')
#2 C:\xampp\htdocs\GMbooks\system\CodeIgniter.php(824): App\Controllers\Home->limted_users()
#3 C:\xampp\htdocs\GMbooks\system\CodeIgniter.php(410): CodeIgniter\CodeIgniter->runController(Object(App\Controllers\Home))
#4 C:\xampp\htdocs\GMbooks\system\CodeIgniter.php(318): CodeIgniter\CodeIgniter->handleRequest(NULL, Object(Config\Cache), false)
#5 C:\xampp\htdocs\GMbooks\public\index.php(37): CodeIgniter\CodeIgniter->run()
#6 C:\xampp\htdocs\GMbooks\system\Commands\Server\rewrite.php(43): require_once('C:\\xampp\\htdocs...')
#7 {main}
