ERROR - 2022-04-20 13:21:16 --> Error connecting to the database: No connection could be made because the target machine actively refused it.

CRITICAL - 2022-04-20 13:21:16 --> Unable to connect to the database.
Main connection [MySQLi]: No connection could be made because the target machine actively refused it.

#0 C:\xampp\htdocs\GMbooks\system\Database\BaseConnection.php(577): CodeIgniter\Database\BaseConnection->initialize()
#1 C:\xampp\htdocs\GMbooks\system\Database\BaseBuilder.php(1443): CodeIgniter\Database\BaseConnection->query('SELECT *\nFROM `...', Array, false)
#2 C:\xampp\htdocs\GMbooks\app\Models\DbOk.php(16): CodeIgniter\Database\BaseBuilder->get()
#3 C:\xampp\htdocs\GMbooks\app\Controllers\Home.php(57): App\Models\DbOk->get_department()
#4 C:\xampp\htdocs\GMbooks\system\CodeIgniter.php(824): App\Controllers\Home->department()
#5 C:\xampp\htdocs\GMbooks\system\CodeIgniter.php(410): CodeIgniter\CodeIgniter->runController(Object(App\Controllers\Home))
#6 C:\xampp\htdocs\GMbooks\system\CodeIgniter.php(318): CodeIgniter\CodeIgniter->handleRequest(NULL, Object(Config\Cache), false)
#7 C:\xampp\htdocs\GMbooks\public\index.php(37): CodeIgniter\CodeIgniter->run()
#8 C:\xampp\htdocs\GMbooks\system\Commands\Server\rewrite.php(43): require_once('C:\\xampp\\htdocs...')
#9 {main}
ERROR - 2022-04-20 19:38:02 --> Error connecting to the database: No connection could be made because the target machine actively refused it.

CRITICAL - 2022-04-20 19:38:02 --> Unable to connect to the database.
Main connection [MySQLi]: No connection could be made because the target machine actively refused it.

#0 C:\xampp\htdocs\GMbooks\system\Database\BaseConnection.php(577): CodeIgniter\Database\BaseConnection->initialize()
#1 C:\xampp\htdocs\GMbooks\system\Database\BaseBuilder.php(1443): CodeIgniter\Database\BaseConnection->query('SELECT *\nFROM `...', Array, false)
#2 C:\xampp\htdocs\GMbooks\app\Models\DbOk.php(16): CodeIgniter\Database\BaseBuilder->get()
#3 C:\xampp\htdocs\GMbooks\app\Controllers\Home.php(62): App\Models\DbOk->get_department()
#4 C:\xampp\htdocs\GMbooks\system\CodeIgniter.php(824): App\Controllers\Home->department()
#5 C:\xampp\htdocs\GMbooks\system\CodeIgniter.php(410): CodeIgniter\CodeIgniter->runController(Object(App\Controllers\Home))
#6 C:\xampp\htdocs\GMbooks\system\CodeIgniter.php(318): CodeIgniter\CodeIgniter->handleRequest(NULL, Object(Config\Cache), false)
#7 C:\xampp\htdocs\GMbooks\public\index.php(37): CodeIgniter\CodeIgniter->run()
#8 C:\xampp\htdocs\GMbooks\system\Commands\Server\rewrite.php(43): require_once('C:\\xampp\\htdocs...')
#9 {main}
