CRITICAL - 2022-04-15 03:53:16 --> Call to undefined method stdClass::num_rows()
#0 C:\xampp\htdocs\GMbooks\app\Controllers\Home.php(32): App\Models\DbOk->get_all_row(1)
#1 C:\xampp\htdocs\GMbooks\system\CodeIgniter.php(824): App\Controllers\Home->error()
#2 C:\xampp\htdocs\GMbooks\system\CodeIgniter.php(410): CodeIgniter\CodeIgniter->runController(Object(App\Controllers\Home))
#3 C:\xampp\htdocs\GMbooks\system\CodeIgniter.php(318): CodeIgniter\CodeIgniter->handleRequest(NULL, Object(Config\Cache), false)
#4 C:\xampp\htdocs\GMbooks\public\index.php(37): CodeIgniter\CodeIgniter->run()
#5 C:\xampp\htdocs\GMbooks\system\Commands\Server\rewrite.php(43): require_once('C:\\xampp\\htdocs...')
#6 {main}
CRITICAL - 2022-04-15 03:54:16 --> Call to undefined method stdClass::count()
#0 C:\xampp\htdocs\GMbooks\app\Controllers\Home.php(32): App\Models\DbOk->get_all_row(1)
#1 C:\xampp\htdocs\GMbooks\system\CodeIgniter.php(824): App\Controllers\Home->error()
#2 C:\xampp\htdocs\GMbooks\system\CodeIgniter.php(410): CodeIgniter\CodeIgniter->runController(Object(App\Controllers\Home))
#3 C:\xampp\htdocs\GMbooks\system\CodeIgniter.php(318): CodeIgniter\CodeIgniter->handleRequest(NULL, Object(Config\Cache), false)
#4 C:\xampp\htdocs\GMbooks\public\index.php(37): CodeIgniter\CodeIgniter->run()
#5 C:\xampp\htdocs\GMbooks\system\Commands\Server\rewrite.php(43): require_once('C:\\xampp\\htdocs...')
#6 {main}
CRITICAL - 2022-04-15 03:55:11 --> Call to undefined method stdClass::count_all_results()
#0 C:\xampp\htdocs\GMbooks\app\Controllers\Home.php(32): App\Models\DbOk->get_all_row(1)
#1 C:\xampp\htdocs\GMbooks\system\CodeIgniter.php(824): App\Controllers\Home->error()
#2 C:\xampp\htdocs\GMbooks\system\CodeIgniter.php(410): CodeIgniter\CodeIgniter->runController(Object(App\Controllers\Home))
#3 C:\xampp\htdocs\GMbooks\system\CodeIgniter.php(318): CodeIgniter\CodeIgniter->handleRequest(NULL, Object(Config\Cache), false)
#4 C:\xampp\htdocs\GMbooks\public\index.php(37): CodeIgniter\CodeIgniter->run()
#5 C:\xampp\htdocs\GMbooks\system\Commands\Server\rewrite.php(43): require_once('C:\\xampp\\htdocs...')
#6 {main}
CRITICAL - 2022-04-15 03:55:12 --> Call to undefined method stdClass::count_all_results()
#0 C:\xampp\htdocs\GMbooks\app\Controllers\Home.php(32): App\Models\DbOk->get_all_row(1)
#1 C:\xampp\htdocs\GMbooks\system\CodeIgniter.php(824): App\Controllers\Home->error()
#2 C:\xampp\htdocs\GMbooks\system\CodeIgniter.php(410): CodeIgniter\CodeIgniter->runController(Object(App\Controllers\Home))
#3 C:\xampp\htdocs\GMbooks\system\CodeIgniter.php(318): CodeIgniter\CodeIgniter->handleRequest(NULL, Object(Config\Cache), false)
#4 C:\xampp\htdocs\GMbooks\public\index.php(37): CodeIgniter\CodeIgniter->run()
#5 C:\xampp\htdocs\GMbooks\system\Commands\Server\rewrite.php(43): require_once('C:\\xampp\\htdocs...')
#6 {main}
CRITICAL - 2022-04-15 04:21:51 --> syntax error, unexpected '}', expecting ';'
#0 C:\xampp\htdocs\GMbooks\system\Autoloader\Autoloader.php(241): CodeIgniter\Autoloader\Autoloader->includeFile('C:\\xampp\\htdocs...')
#1 C:\xampp\htdocs\GMbooks\system\Autoloader\Autoloader.php(219): CodeIgniter\Autoloader\Autoloader->loadInNamespace('App\\Controllers...')
#2 [internal function]: CodeIgniter\Autoloader\Autoloader->loadClass('App\\Controllers...')
#3 [internal function]: spl_autoload_call('App\\Controllers...')
#4 C:\xampp\htdocs\GMbooks\system\CodeIgniter.php(789): class_exists('\\App\\Controller...', true)
#5 C:\xampp\htdocs\GMbooks\system\CodeIgniter.php(397): CodeIgniter\CodeIgniter->startController()
#6 C:\xampp\htdocs\GMbooks\system\CodeIgniter.php(318): CodeIgniter\CodeIgniter->handleRequest(NULL, Object(Config\Cache), false)
#7 C:\xampp\htdocs\GMbooks\public\index.php(37): CodeIgniter\CodeIgniter->run()
#8 C:\xampp\htdocs\GMbooks\system\Commands\Server\rewrite.php(43): require_once('C:\\xampp\\htdocs...')
#9 {main}
CRITICAL - 2022-04-15 04:46:13 --> Invalid argument supplied for foreach()
#0 C:\xampp\htdocs\GMbooks\app\Views\books.php(48): CodeIgniter\Debug\Exceptions->errorHandler(2, 'Invalid argumen...', 'C:\\xampp\\htdocs...', 48, Array)
#1 C:\xampp\htdocs\GMbooks\system\View\View.php(214): include('C:\\xampp\\htdocs...')
#2 C:\xampp\htdocs\GMbooks\system\View\View.php(217): CodeIgniter\View\View->CodeIgniter\View\{closure}()
#3 C:\xampp\htdocs\GMbooks\system\Common.php(1097): CodeIgniter\View\View->render('books', Array, true)
#4 C:\xampp\htdocs\GMbooks\app\Controllers\Home.php(42): view('books', Array)
#5 C:\xampp\htdocs\GMbooks\system\CodeIgniter.php(824): App\Controllers\Home->departbook()
#6 C:\xampp\htdocs\GMbooks\system\CodeIgniter.php(410): CodeIgniter\CodeIgniter->runController(Object(App\Controllers\Home))
#7 C:\xampp\htdocs\GMbooks\system\CodeIgniter.php(318): CodeIgniter\CodeIgniter->handleRequest(NULL, Object(Config\Cache), false)
#8 C:\xampp\htdocs\GMbooks\public\index.php(37): CodeIgniter\CodeIgniter->run()
#9 C:\xampp\htdocs\GMbooks\system\Commands\Server\rewrite.php(43): require_once('C:\\xampp\\htdocs...')
#10 {main}
CRITICAL - 2022-04-15 06:38:15 --> Invalid argument supplied for foreach()
#0 C:\xampp\htdocs\GMbooks\app\Views\books.php(48): CodeIgniter\Debug\Exceptions->errorHandler(2, 'Invalid argumen...', 'C:\\xampp\\htdocs...', 48, Array)
#1 C:\xampp\htdocs\GMbooks\system\View\View.php(214): include('C:\\xampp\\htdocs...')
#2 C:\xampp\htdocs\GMbooks\system\View\View.php(217): CodeIgniter\View\View->CodeIgniter\View\{closure}()
#3 C:\xampp\htdocs\GMbooks\system\Common.php(1097): CodeIgniter\View\View->render('books', Array, true)
#4 C:\xampp\htdocs\GMbooks\app\Controllers\Home.php(42): view('books', Array)
#5 C:\xampp\htdocs\GMbooks\system\CodeIgniter.php(824): App\Controllers\Home->departbook()
#6 C:\xampp\htdocs\GMbooks\system\CodeIgniter.php(410): CodeIgniter\CodeIgniter->runController(Object(App\Controllers\Home))
#7 C:\xampp\htdocs\GMbooks\system\CodeIgniter.php(318): CodeIgniter\CodeIgniter->handleRequest(NULL, Object(Config\Cache), false)
#8 C:\xampp\htdocs\GMbooks\public\index.php(37): CodeIgniter\CodeIgniter->run()
#9 C:\xampp\htdocs\GMbooks\system\Commands\Server\rewrite.php(43): require_once('C:\\xampp\\htdocs...')
#10 {main}
