CRITICAL - 2022-04-18 09:13:37 --> Invalid argument supplied for foreach()
#0 C:\xampp\htdocs\GMbooks\app\Views\serch.php(60): CodeIgniter\Debug\Exceptions->errorHandler(2, 'Invalid argumen...', 'C:\\xampp\\htdocs...', 60, Array)
#1 C:\xampp\htdocs\GMbooks\system\View\View.php(214): include('C:\\xampp\\htdocs...')
#2 C:\xampp\htdocs\GMbooks\system\View\View.php(217): CodeIgniter\View\View->CodeIgniter\View\{closure}()
#3 C:\xampp\htdocs\GMbooks\system\Common.php(1097): CodeIgniter\View\View->render('serch', Array, true)
#4 C:\xampp\htdocs\GMbooks\app\Controllers\Home.php(169): view('serch')
#5 C:\xampp\htdocs\GMbooks\system\CodeIgniter.php(824): App\Controllers\Home->serch()
#6 C:\xampp\htdocs\GMbooks\system\CodeIgniter.php(410): CodeIgniter\CodeIgniter->runController(Object(App\Controllers\Home))
#7 C:\xampp\htdocs\GMbooks\system\CodeIgniter.php(318): CodeIgniter\CodeIgniter->handleRequest(NULL, Object(Config\Cache), false)
#8 C:\xampp\htdocs\GMbooks\public\index.php(37): CodeIgniter\CodeIgniter->run()
#9 C:\xampp\htdocs\GMbooks\system\Commands\Server\rewrite.php(43): require_once('C:\\xampp\\htdocs...')
#10 {main}
ERROR - 2022-04-18 09:20:17 --> Error connecting to the database: No connection could be made because the target machine actively refused it.

CRITICAL - 2022-04-18 09:20:17 --> Unable to connect to the database.
Main connection [MySQLi]: No connection could be made because the target machine actively refused it.

#0 C:\xampp\htdocs\GMbooks\system\Database\BaseConnection.php(577): CodeIgniter\Database\BaseConnection->initialize()
#1 C:\xampp\htdocs\GMbooks\system\Database\BaseBuilder.php(1443): CodeIgniter\Database\BaseConnection->query('SELECT *\nFROM `...', Array, false)
#2 C:\xampp\htdocs\GMbooks\app\Models\DbOk.php(103): CodeIgniter\Database\BaseBuilder->get()
#3 C:\xampp\htdocs\GMbooks\app\Controllers\Home.php(177): App\Models\DbOk->serch_book('me')
#4 C:\xampp\htdocs\GMbooks\system\CodeIgniter.php(824): App\Controllers\Home->serch()
#5 C:\xampp\htdocs\GMbooks\system\CodeIgniter.php(410): CodeIgniter\CodeIgniter->runController(Object(App\Controllers\Home))
#6 C:\xampp\htdocs\GMbooks\system\CodeIgniter.php(318): CodeIgniter\CodeIgniter->handleRequest(NULL, Object(Config\Cache), false)
#7 C:\xampp\htdocs\GMbooks\public\index.php(37): CodeIgniter\CodeIgniter->run()
#8 C:\xampp\htdocs\GMbooks\system\Commands\Server\rewrite.php(43): require_once('C:\\xampp\\htdocs...')
#9 {main}
CRITICAL - 2022-04-18 09:20:33 --> Invalid argument supplied for foreach()
#0 C:\xampp\htdocs\GMbooks\app\Views\serch.php(60): CodeIgniter\Debug\Exceptions->errorHandler(2, 'Invalid argumen...', 'C:\\xampp\\htdocs...', 60, Array)
#1 C:\xampp\htdocs\GMbooks\system\View\View.php(214): include('C:\\xampp\\htdocs...')
#2 C:\xampp\htdocs\GMbooks\system\View\View.php(217): CodeIgniter\View\View->CodeIgniter\View\{closure}()
#3 C:\xampp\htdocs\GMbooks\system\Common.php(1097): CodeIgniter\View\View->render('serch', Array, true)
#4 C:\xampp\htdocs\GMbooks\app\Controllers\Home.php(179): view('serch', Array)
#5 C:\xampp\htdocs\GMbooks\system\CodeIgniter.php(824): App\Controllers\Home->serch()
#6 C:\xampp\htdocs\GMbooks\system\CodeIgniter.php(410): CodeIgniter\CodeIgniter->runController(Object(App\Controllers\Home))
#7 C:\xampp\htdocs\GMbooks\system\CodeIgniter.php(318): CodeIgniter\CodeIgniter->handleRequest(NULL, Object(Config\Cache), false)
#8 C:\xampp\htdocs\GMbooks\public\index.php(37): CodeIgniter\CodeIgniter->run()
#9 C:\xampp\htdocs\GMbooks\system\Commands\Server\rewrite.php(43): require_once('C:\\xampp\\htdocs...')
#10 {main}
CRITICAL - 2022-04-18 09:27:16 --> syntax error, unexpected 'if' (T_IF)
#0 C:\xampp\htdocs\GMbooks\system\CodeIgniter.php(359): CodeIgniter\CodeIgniter->tryToRouteIt(NULL)
#1 C:\xampp\htdocs\GMbooks\system\CodeIgniter.php(318): CodeIgniter\CodeIgniter->handleRequest(NULL, Object(Config\Cache), false)
#2 C:\xampp\htdocs\GMbooks\public\index.php(37): CodeIgniter\CodeIgniter->run()
#3 C:\xampp\htdocs\GMbooks\system\Commands\Server\rewrite.php(43): require_once('C:\\xampp\\htdocs...')
#4 {main}
CRITICAL - 2022-04-18 09:27:19 --> syntax error, unexpected 'if' (T_IF)
#0 C:\xampp\htdocs\GMbooks\system\CodeIgniter.php(359): CodeIgniter\CodeIgniter->tryToRouteIt(NULL)
#1 C:\xampp\htdocs\GMbooks\system\CodeIgniter.php(318): CodeIgniter\CodeIgniter->handleRequest(NULL, Object(Config\Cache), false)
#2 C:\xampp\htdocs\GMbooks\public\index.php(37): CodeIgniter\CodeIgniter->run()
#3 C:\xampp\htdocs\GMbooks\system\Commands\Server\rewrite.php(43): require_once('C:\\xampp\\htdocs...')
#4 {main}
